[debug] [2024-09-15T13:43:40.561Z] ----------------------------------------------------------------------
[debug] [2024-09-15T13:43:40.564Z] Command:       C:\Program Files\nodejs\node.exe C:\Users\DiPTi\AppData\Local\npm-cache\_npx\7750544ccf494d8b\node_modules\firebase-tools\lib\bin\firebase.js init
[debug] [2024-09-15T13:43:40.564Z] CLI Version:   13.17.0
[debug] [2024-09-15T13:43:40.565Z] Platform:      win32
[debug] [2024-09-15T13:43:40.565Z] Node Version:  v20.17.0
[debug] [2024-09-15T13:43:40.565Z] Time:          Sun Sep 15 2024 19:13:40 GMT+0530 (India Standard Time)
[debug] [2024-09-15T13:43:40.565Z] ----------------------------------------------------------------------
[debug] 
[debug] [2024-09-15T13:43:40.573Z] > command requires scopes: ["email","openid","https://www.googleapis.com/auth/cloudplatformprojects.readonly","https://www.googleapis.com/auth/firebase","https://www.googleapis.com/auth/cloud-platform"]
[debug] [2024-09-15T13:43:40.574Z] > authorizing via signed-in user (diptidas28901@gmail.com)
[info] 
     ######## #### ########  ######## ########     ###     ######  ########
     ##        ##  ##     ## ##       ##     ##  ##   ##  ##       ##
     ######    ##  ########  ######   ########  #########  ######  ######
     ##        ##  ##    ##  ##       ##     ## ##     ##       ## ##
     ##       #### ##     ## ######## ########  ##     ##  ######  ########

You're about to initialize a Firebase project in this directory:

  C:\Users\DiPTi\AcoNews

[info] 
=== Project Setup
[info] 
[info] First, let's associate this project directory with a Firebase project.
[info] You can create multiple project aliases by running firebase use --add, 
[info] but for now we'll just set up a default project.
[info] 
[info] i  If you want to create a project in a Google Cloud organization or folder, please use "firebase projects:create" instead, and return to this command when you've created the project. 
[debug] [2024-09-15T13:45:04.802Z] >>> [apiv2][query] POST https://cloudresourcemanager.googleapis.com/v1/projects [none]
[debug] [2024-09-15T13:45:04.802Z] >>> [apiv2][body] POST https://cloudresourcemanager.googleapis.com/v1/projects {"projectId":"aconews123","name":"aconews123"}
[debug] [2024-09-15T13:45:06.849Z] <<< [apiv2][status] POST https://cloudresourcemanager.googleapis.com/v1/projects 200
[debug] [2024-09-15T13:45:06.849Z] <<< [apiv2][body] POST https://cloudresourcemanager.googleapis.com/v1/projects {"name":"operations/cp.5811914038305770959"}
[debug] [2024-09-15T13:45:06.850Z] >>> [apiv2][query] GET https://cloudresourcemanager.googleapis.com/v1/operations/cp.5811914038305770959 [none]
[debug] [2024-09-15T13:45:08.540Z] <<< [apiv2][status] GET https://cloudresourcemanager.googleapis.com/v1/operations/cp.5811914038305770959 200
[debug] [2024-09-15T13:45:08.540Z] <<< [apiv2][body] GET https://cloudresourcemanager.googleapis.com/v1/operations/cp.5811914038305770959 {"name":"operations/cp.5811914038305770959"}
[debug] [2024-09-15T13:45:09.052Z] [Project Creation Poller] Retrying task index 0
[debug] [2024-09-15T13:45:09.053Z] >>> [apiv2][query] GET https://cloudresourcemanager.googleapis.com/v1/operations/cp.5811914038305770959 [none]
[debug] [2024-09-15T13:45:09.665Z] <<< [apiv2][status] GET https://cloudresourcemanager.googleapis.com/v1/operations/cp.5811914038305770959 200
[debug] [2024-09-15T13:45:09.665Z] <<< [apiv2][body] GET https://cloudresourcemanager.googleapis.com/v1/operations/cp.5811914038305770959 {"name":"operations/cp.5811914038305770959","metadata":{"@type":"type.googleapis.com/google.cloudresourcemanager.v1.ProjectCreationStatus","gettable":true}}
[debug] [2024-09-15T13:45:10.669Z] [Project Creation Poller] Retrying task index 0
[debug] [2024-09-15T13:45:10.669Z] >>> [apiv2][query] GET https://cloudresourcemanager.googleapis.com/v1/operations/cp.5811914038305770959 [none]
[debug] [2024-09-15T13:45:11.226Z] <<< [apiv2][status] GET https://cloudresourcemanager.googleapis.com/v1/operations/cp.5811914038305770959 200
[debug] [2024-09-15T13:45:11.227Z] <<< [apiv2][body] GET https://cloudresourcemanager.googleapis.com/v1/operations/cp.5811914038305770959 {"name":"operations/cp.5811914038305770959","metadata":{"@type":"type.googleapis.com/google.cloudresourcemanager.v1.ProjectCreationStatus","gettable":true,"ready":true},"done":true,"response":{"@type":"type.googleapis.com/google.cloudresourcemanager.v1.Project","projectNumber":"700836870244","projectId":"aconews123","lifecycleState":"ACTIVE","name":"aconews123","createTime":"2024-09-15T13:45:11.013446Z"}}
[debug] [2024-09-15T13:45:11.229Z] >>> [apiv2][query] POST https://firebase.googleapis.com/v1beta1/projects/aconews123:addFirebase [none]
[debug] [2024-09-15T13:45:14.997Z] <<< [apiv2][status] POST https://firebase.googleapis.com/v1beta1/projects/aconews123:addFirebase 200
[debug] [2024-09-15T13:45:14.997Z] <<< [apiv2][body] POST https://firebase.googleapis.com/v1beta1/projects/aconews123:addFirebase {"name":"operations/workflows/YjVkMDc1ODUtYTQ4ZC00ZjgwLWIxOTYtYmFkOWFhZjE1MDZh"}
[debug] [2024-09-15T13:45:14.998Z] >>> [apiv2][query] GET https://firebase.googleapis.com/v1beta1/operations/workflows/YjVkMDc1ODUtYTQ4ZC00ZjgwLWIxOTYtYmFkOWFhZjE1MDZh [none]
[debug] [2024-09-15T13:45:19.387Z] <<< [apiv2][status] GET https://firebase.googleapis.com/v1beta1/operations/workflows/YjVkMDc1ODUtYTQ4ZC00ZjgwLWIxOTYtYmFkOWFhZjE1MDZh 200
[debug] [2024-09-15T13:45:19.388Z] <<< [apiv2][body] GET https://firebase.googleapis.com/v1beta1/operations/workflows/YjVkMDc1ODUtYTQ4ZC00ZjgwLWIxOTYtYmFkOWFhZjE1MDZh {"name":"operations/workflows/YjVkMDc1ODUtYTQ4ZC00ZjgwLWIxOTYtYmFkOWFhZjE1MDZh"}
[debug] [2024-09-15T13:45:19.889Z] [Add Firebase Poller] Retrying task index 0
[debug] [2024-09-15T13:45:19.889Z] >>> [apiv2][query] GET https://firebase.googleapis.com/v1beta1/operations/workflows/YjVkMDc1ODUtYTQ4ZC00ZjgwLWIxOTYtYmFkOWFhZjE1MDZh [none]
[debug] [2024-09-15T13:45:21.196Z] <<< [apiv2][status] GET https://firebase.googleapis.com/v1beta1/operations/workflows/YjVkMDc1ODUtYTQ4ZC00ZjgwLWIxOTYtYmFkOWFhZjE1MDZh 200
[debug] [2024-09-15T13:45:21.196Z] <<< [apiv2][body] GET https://firebase.googleapis.com/v1beta1/operations/workflows/YjVkMDc1ODUtYTQ4ZC00ZjgwLWIxOTYtYmFkOWFhZjE1MDZh {"name":"operations/workflows/YjVkMDc1ODUtYTQ4ZC00ZjgwLWIxOTYtYmFkOWFhZjE1MDZh"}
[debug] [2024-09-15T13:45:22.205Z] [Add Firebase Poller] Retrying task index 0
[debug] [2024-09-15T13:45:22.206Z] >>> [apiv2][query] GET https://firebase.googleapis.com/v1beta1/operations/workflows/YjVkMDc1ODUtYTQ4ZC00ZjgwLWIxOTYtYmFkOWFhZjE1MDZh [none]
[debug] [2024-09-15T13:45:23.146Z] <<< [apiv2][status] GET https://firebase.googleapis.com/v1beta1/operations/workflows/YjVkMDc1ODUtYTQ4ZC00ZjgwLWIxOTYtYmFkOWFhZjE1MDZh 200
[debug] [2024-09-15T13:45:23.146Z] <<< [apiv2][body] GET https://firebase.googleapis.com/v1beta1/operations/workflows/YjVkMDc1ODUtYTQ4ZC00ZjgwLWIxOTYtYmFkOWFhZjE1MDZh {"name":"operations/workflows/YjVkMDc1ODUtYTQ4ZC00ZjgwLWIxOTYtYmFkOWFhZjE1MDZh"}
[debug] [2024-09-15T13:45:25.156Z] [Add Firebase Poller] Retrying task index 0
[debug] [2024-09-15T13:45:25.157Z] >>> [apiv2][query] GET https://firebase.googleapis.com/v1beta1/operations/workflows/YjVkMDc1ODUtYTQ4ZC00ZjgwLWIxOTYtYmFkOWFhZjE1MDZh [none]
[debug] [2024-09-15T13:45:25.999Z] <<< [apiv2][status] GET https://firebase.googleapis.com/v1beta1/operations/workflows/YjVkMDc1ODUtYTQ4ZC00ZjgwLWIxOTYtYmFkOWFhZjE1MDZh 200
[debug] [2024-09-15T13:45:25.999Z] <<< [apiv2][body] GET https://firebase.googleapis.com/v1beta1/operations/workflows/YjVkMDc1ODUtYTQ4ZC00ZjgwLWIxOTYtYmFkOWFhZjE1MDZh {"name":"operations/workflows/YjVkMDc1ODUtYTQ4ZC00ZjgwLWIxOTYtYmFkOWFhZjE1MDZh"}
[debug] [2024-09-15T13:45:30.006Z] [Add Firebase Poller] Retrying task index 0
[debug] [2024-09-15T13:45:30.008Z] >>> [apiv2][query] GET https://firebase.googleapis.com/v1beta1/operations/workflows/YjVkMDc1ODUtYTQ4ZC00ZjgwLWIxOTYtYmFkOWFhZjE1MDZh [none]
[debug] [2024-09-15T13:45:30.755Z] <<< [apiv2][status] GET https://firebase.googleapis.com/v1beta1/operations/workflows/YjVkMDc1ODUtYTQ4ZC00ZjgwLWIxOTYtYmFkOWFhZjE1MDZh 200
[debug] [2024-09-15T13:45:30.755Z] <<< [apiv2][body] GET https://firebase.googleapis.com/v1beta1/operations/workflows/YjVkMDc1ODUtYTQ4ZC00ZjgwLWIxOTYtYmFkOWFhZjE1MDZh {"name":"operations/workflows/YjVkMDc1ODUtYTQ4ZC00ZjgwLWIxOTYtYmFkOWFhZjE1MDZh","done":true,"response":{"@type":"type.googleapis.com/google.firebase.service.v1beta1.FirebaseProject","projectId":"aconews123","projectNumber":"700836870244","displayName":"aconews123","name":"projects/aconews123","resources":{"hostingSite":"aconews123"}}}
[info] 
[info] === Your Firebase project is ready! ===
[info] 
[info] Project information:
[info]    - Project ID: aconews123
[info]    - Project Name: aconews123
[info] 
[info] Firebase console is available at
[info] https://console.firebase.google.com/project/aconews123/overview
[info] i  Using project aconews123 (aconews123) 
[info] 
=== Hosting Setup
[debug] [2024-09-15T13:45:30.778Z] >>> [apiv2][query] GET https://firebase.googleapis.com/v1beta1/projects/aconews123 [none]
[debug] [2024-09-15T13:45:31.796Z] <<< [apiv2][status] GET https://firebase.googleapis.com/v1beta1/projects/aconews123 200
[debug] [2024-09-15T13:45:31.796Z] <<< [apiv2][body] GET https://firebase.googleapis.com/v1beta1/projects/aconews123 {"projectId":"aconews123","projectNumber":"700836870244","displayName":"aconews123","name":"projects/aconews123","resources":{"hostingSite":"aconews123"},"state":"ACTIVE","etag":"1_80b31deb-fd88-4275-9b70-b989399ad240"}
[info] 
[info] Your public directory is the folder (relative to your project directory) that
[info] will contain Hosting assets to be uploaded with firebase deploy. If you
[info] have a build process for your assets, use your build's output directory.
[info] 
[debug] [2024-09-15T13:47:58.392Z] >>> [apiv2][query] GET https://www.gstatic.com/firebasejs/releases.json [none]
[debug] [2024-09-15T13:47:58.644Z] <<< [apiv2][status] GET https://www.gstatic.com/firebasejs/releases.json 200
[debug] [2024-09-15T13:47:58.644Z] <<< [apiv2][body] GET https://www.gstatic.com/firebasejs/releases.json {"current":{"version":"10.13.1","browserURL":"https://www.gstatic.com/firebasejs/10.13.1/firebase.js","packageURL":"https://www.gstatic.com/firebasejs/10.13.1/firebase.tgz"},"live":{"version":"10.13","browserURL":"https://www.gstatic.com/firebasejs/live/10.13/firebase.js","packageURL":"https://www.gstatic.com/firebasejs/live/10.13/firebase.tgz"},"components":{"analytics":"https://www.gstatic.com/firebasejs/10.13.1/firebase-analytics.js","app":"https://www.gstatic.com/firebasejs/10.13.1/firebase-app.js","app-check":"https://www.gstatic.com/firebasejs/10.13.1/firebase-app-check.js","auth":"https://www.gstatic.com/firebasejs/10.13.1/firebase-auth.js","auth/cordova":"https://www.gstatic.com/firebasejs/10.13.1/firebase-auth/cordova.js","auth/web-extension":"https://www.gstatic.com/firebasejs/10.13.1/firebase-auth/web-extension.js","functions":"https://www.gstatic.com/firebasejs/10.13.1/firebase-functions.js","firestore":"https://www.gstatic.com/firebasejs/10.13.1/firebase-firestore.js","firestore/lite":"https://www.gstatic.com/firebasejs/10.13.1/firebase-firestore/lite.js","installations":"https://www.gstatic.com/firebasejs/10.13.1/firebase-installations.js","storage":"https://www.gstatic.com/firebasejs/10.13.1/firebase-storage.js","performance":"https://www.gstatic.com/firebasejs/10.13.1/firebase-performance.js","remote-config":"https://www.gstatic.com/firebasejs/10.13.1/firebase-remote-config.js","messaging":"https://www.gstatic.com/firebasejs/10.13.1/firebase-messaging.js","messaging/sw":"https://www.gstatic.com/firebasejs/10.13.1/firebase-messaging/sw.js","database":"https://www.gstatic.com/firebasejs/10.13.1/firebase-database.js","vertexai-preview":"https://www.gstatic.com/firebasejs/10.13.1/firebase-vertexai-preview.js","firestore.memory":"https://www.gstatic.com/firebasejs/10.13.1/firebase-firestore.memory.js"}}
[debug] [2024-09-15T13:47:58.974Z] Error: Path contains invalid characters: C:\Users\DiPTi\AcoNews\C:\Users\DiPTi\AcoNews
    at checkPath (C:\Users\DiPTi\AppData\Local\npm-cache\_npx\7750544ccf494d8b\node_modules\fs-extra\lib\mkdirs\utils.js:16:21)
    at module.exports.makeDirSync (C:\Users\DiPTi\AppData\Local\npm-cache\_npx\7750544ccf494d8b\node_modules\fs-extra\lib\mkdirs\make-dir.js:21:3)
    at Object.createFileSync (C:\Users\DiPTi\AppData\Local\npm-cache\_npx\7750544ccf494d8b\node_modules\fs-extra\lib\ensure\file.js:59:45)
    at Config.writeProjectFile (C:\Users\DiPTi\AppData\Local\npm-cache\_npx\7750544ccf494d8b\node_modules\firebase-tools\lib\config.js:159:12)
    at C:\Users\DiPTi\AppData\Local\npm-cache\_npx\7750544ccf494d8b\node_modules\firebase-tools\lib\config.js:183:22
    at process.processTicksAndRejections (node:internal/process/task_queues:95:5)
    at async doSetup (C:\Users\DiPTi\AppData\Local\npm-cache\_npx\7750544ccf494d8b\node_modules\firebase-tools\lib\init\features\hosting\index.js:177:9)
    at async init (C:\Users\DiPTi\AppData\Local\npm-cache\_npx\7750544ccf494d8b\node_modules\firebase-tools\lib\init\index.js:40:9)
[error] 
[error] Error: An unexpected error has occurred.
